2025-10-28 09:15:01,784 - TapatanOrchestrator - INFO - Iniciando orquestrador Tapatan...
2025-10-28 09:15:01,785 - TapatanOrchestrator - ERROR - Erro ao inicializar robô: 'ConfigRobo' object has no attribute 'aceleracao_padrao'
2025-10-28 09:15:01,785 - TapatanOrchestrator - INFO - Finalizando orquestrador...
2025-10-28 09:15:01,786 - TapatanOrchestrator - INFO - Orquestrador finalizado
2025-10-28 09:16:06,074 - TapatanOrchestrator - INFO - Iniciando orquestrador Tapatan...
2025-10-28 09:16:06,074 - TapatanOrchestrator - ERROR - Erro ao inicializar robô: 'ConfigRobo' object has no attribute 'habilitar_correcao_automatica'
2025-10-28 09:16:06,075 - TapatanOrchestrator - INFO - Finalizando orquestrador...
2025-10-28 09:16:06,075 - TapatanOrchestrator - INFO - Orquestrador finalizado
2025-10-28 09:18:28,029 - TapatanOrchestrator - INFO - Iniciando orquestrador Tapatan...
2025-10-28 09:18:28,036 - RobotService - INFO -  Conectando ao robô em 10.1.7.30...
2025-10-28 09:18:28,036 - RobotService - ERROR -  Erro ao conectar: URController.__init__() got an unexpected keyword argument 'robot_ip'
2025-10-28 09:18:28,036 - TapatanOrchestrator - ERROR - Falha ao conectar com o robô
2025-10-28 09:18:28,036 - TapatanOrchestrator - INFO - Finalizando orquestrador...
2025-10-28 09:18:28,036 - RobotService - INFO -  Movendo para posição home
2025-10-28 09:18:28,036 - RobotService - ERROR -  Robô não está conectado
2025-10-28 09:18:28,036 - RobotService - INFO -  Robô desconectado
2025-10-28 09:18:28,036 - TapatanOrchestrator - INFO - Orquestrador finalizado
2025-10-28 09:20:53,835 - TapatanOrchestrator - INFO - Iniciando orquestrador Tapatan...
2025-10-28 09:20:53,839 - RobotService - INFO -  Conectando ao robô em 10.1.7.30...
2025-10-28 09:20:55,848 - RobotService - ERROR -  Erro ao conectar: Timeout connecting to UR dashboard server.
2025-10-28 09:20:55,848 - TapatanOrchestrator - ERROR - Falha ao conectar com o robô
2025-10-28 09:20:55,848 - TapatanOrchestrator - INFO - Finalizando orquestrador...
2025-10-28 09:20:55,848 - RobotService - INFO -  Movendo para posição home
2025-10-28 09:20:55,848 - RobotService - ERROR -  Robô não está conectado
2025-10-28 09:20:55,848 - RobotService - INFO -  Robô desconectado
2025-10-28 09:20:55,848 - TapatanOrchestrator - INFO - Orquestrador finalizado
2025-10-28 09:22:41,591 - TapatanOrchestrator - INFO - Iniciando orquestrador Tapatan...
2025-10-28 09:22:41,597 - RobotService - INFO -  Conectando ao robô em 10.1.7.30...
2025-10-28 09:22:43,607 - RobotService - ERROR -  Erro ao conectar: Timeout connecting to UR dashboard server.
2025-10-28 09:22:43,607 - TapatanOrchestrator - ERROR - Falha ao conectar com o robô
2025-10-28 09:22:43,608 - TapatanOrchestrator - INFO - Finalizando orquestrador...
2025-10-28 09:22:43,608 - RobotService - INFO -  Movendo para posição home
2025-10-28 09:22:43,608 - RobotService - ERROR -  Robô não está conectado
2025-10-28 09:22:43,608 - RobotService - INFO -  Robô desconectado
2025-10-28 09:22:43,608 - TapatanOrchestrator - INFO - Orquestrador finalizado
2025-10-28 09:23:09,197 - TapatanOrchestrator - INFO - Iniciando orquestrador Tapatan...
2025-10-28 09:23:09,202 - RobotService - INFO -  Conectando ao robô em 10.1.7.30...
2025-10-28 09:23:11,209 - RobotService - ERROR -  Erro ao conectar: Timeout connecting to UR dashboard server.
2025-10-28 09:23:11,209 - TapatanOrchestrator - ERROR - Falha ao conectar com o robô
2025-10-28 09:23:11,210 - TapatanOrchestrator - INFO - Finalizando orquestrador...
2025-10-28 09:23:11,210 - RobotService - INFO -  Movendo para posição home
2025-10-28 09:23:11,210 - RobotService - ERROR -  Robô não está conectado
2025-10-28 09:23:11,210 - RobotService - INFO -  Robô desconectado
2025-10-28 09:23:11,212 - TapatanOrchestrator - INFO - Orquestrador finalizado
2025-10-28 09:23:22,945 - TapatanOrchestrator - INFO - Iniciando orquestrador Tapatan...
2025-10-28 09:23:22,949 - RobotService - INFO -  Conectando ao robô em 10.1.7.30...
2025-10-28 09:23:24,278 - RobotService - INFO -  Robô conectado com sucesso
2025-10-28 09:23:24,279 - RobotService - INFO -  Modo de segurança: HABILITADO
2025-10-28 09:23:24,279 - RobotService - INFO -  Movendo para posição home
2025-10-28 09:23:24,279 - TapatanOrchestrator - ERROR - Falha ao mover robô para home
2025-10-28 09:23:24,281 - TapatanOrchestrator - INFO - Finalizando orquestrador...
2025-10-28 09:23:24,281 - RobotService - INFO -  Movendo para posição home
2025-10-28 09:23:24,297 - RobotService - INFO -  Robô desconectado
2025-10-28 09:23:24,297 - TapatanOrchestrator - INFO - Orquestrador finalizado
2025-10-28 09:27:43,598 - TapatanOrchestrator - INFO - Iniciando orquestrador Tapatan...
2025-10-28 09:27:43,600 - RobotService - INFO -  Conectando ao robô em 10.1.7.30...
2025-10-28 09:27:45,609 - RobotService - ERROR -  Erro ao conectar: Timeout connecting to UR dashboard server.
2025-10-28 09:27:45,609 - TapatanOrchestrator - ERROR - Falha ao conectar com o robô
2025-10-28 09:27:45,609 - TapatanOrchestrator - INFO - Finalizando orquestrador...
2025-10-28 09:27:45,609 - RobotService - INFO -  Movendo para posição home
2025-10-28 09:27:45,609 - RobotService - ERROR -  Robô não está conectado
2025-10-28 09:27:45,609 - RobotService - INFO -  Robô desconectado
2025-10-28 09:27:45,609 - TapatanOrchestrator - INFO - Orquestrador finalizado
2025-10-28 09:29:07,400 - TapatanOrchestrator - INFO - Iniciando orquestrador Tapatan...
2025-10-28 09:29:07,404 - RobotService - INFO -  Conectando ao robô em 10.1.7.30...
2025-10-28 09:29:09,411 - RobotService - ERROR -  Erro ao conectar: Timeout connecting to UR dashboard server.
2025-10-28 09:29:09,411 - TapatanOrchestrator - ERROR - Falha ao conectar com o robô
2025-10-28 09:29:09,412 - TapatanOrchestrator - INFO - Finalizando orquestrador...
2025-10-28 09:29:09,412 - RobotService - INFO -  Movendo para posição home
2025-10-28 09:29:09,412 - RobotService - ERROR -  Robô não está conectado
2025-10-28 09:29:09,412 - RobotService - INFO -  Robô desconectado
2025-10-28 09:29:09,412 - TapatanOrchestrator - INFO - Orquestrador finalizado
2025-10-28 09:29:15,595 - TapatanOrchestrator - INFO - Iniciando orquestrador Tapatan...
2025-10-28 09:29:15,600 - RobotService - INFO -  Conectando ao robô em 10.1.7.30...
2025-10-28 09:29:16,857 - RobotService - INFO -  Robô conectado com sucesso
2025-10-28 09:29:16,858 - RobotService - INFO -  Modo de segurança: HABILITADO
2025-10-28 09:29:16,858 - RobotService - INFO -  Movendo para posição home
2025-10-28 09:29:16,863 - RobotService - ERROR -  Erro ao mover para pose: 'URController' object has no attribute 'move_to_pose_with_smart_correction'
2025-10-28 09:29:16,863 - TapatanOrchestrator - ERROR - Falha ao mover robô para home
2025-10-28 09:29:16,865 - TapatanOrchestrator - INFO - Finalizando orquestrador...
2025-10-28 09:29:16,866 - RobotService - INFO -  Movendo para posição home
2025-10-28 09:29:16,868 - RobotService - ERROR -  Erro ao mover para pose: 'URController' object has no attribute 'move_to_pose_with_smart_correction'
2025-10-28 09:29:16,907 - RobotService - INFO -  Robô desconectado
2025-10-28 09:29:16,907 - TapatanOrchestrator - INFO - Orquestrador finalizado
2025-10-28 09:40:26,838 - TapatanOrchestrator - INFO - Iniciando orquestrador Tapatan...
2025-10-28 09:40:26,842 - RobotService - INFO -  Conectando ao robô em 10.1.7.30...
2025-10-28 09:40:28,772 - RobotService - INFO -  Robô conectado com sucesso
2025-10-28 09:40:28,772 - RobotService - INFO -  Modo de segurança: HABILITADO
2025-10-28 09:40:28,775 - RobotService - INFO -  Movendo para posição home
2025-10-28 09:40:52,078 - TapatanOrchestrator - INFO - Posição do depósito definida para jogador1
2025-10-28 09:40:52,078 - TapatanOrchestrator - INFO - Robô inicializado e em posição home
2025-10-28 09:40:52,078 - TapatanOrchestrator - INFO - Orquestrador inicializado com sucesso!
2025-10-28 09:43:45,250 - TapatanOrchestrator - INFO - Iniciando orquestrador Tapatan...
2025-10-28 09:43:45,251 - RobotService - INFO -  Conectando ao robô em 10.1.7.30...
2025-10-28 09:43:46,007 - RobotService - INFO -  Robô conectado com sucesso
2025-10-28 09:43:46,007 - RobotService - INFO -  Modo de segurança: HABILITADO
2025-10-28 09:43:46,007 - RobotService - INFO -  Movendo para posição home
2025-10-28 09:43:46,092 - TapatanOrchestrator - INFO - Posição do depósito definida para jogador1
2025-10-28 09:43:46,092 - TapatanOrchestrator - INFO - Robô inicializado e em posição home
2025-10-28 09:43:46,114 - TapatanOrchestrator - INFO - Orquestrador inicializado com sucesso!
2025-10-28 09:43:46,164 - TapatanOrchestrator - INFO - Finalizando orquestrador...
2025-10-28 09:43:46,164 - RobotService - INFO -  Movendo para posição home
2025-10-28 09:43:46,347 - RobotService - INFO -  Robô desconectado
2025-10-28 09:43:46,347 - TapatanOrchestrator - INFO - Orquestrador finalizado
2025-10-28 10:29:39,617 - TapatanOrchestrator - INFO - Iniciando orquestrador Tapatan...
2025-10-28 10:29:39,624 - RobotService - INFO - [CONEXAO] Conectando ao robô em 10.1.7.30...
2025-10-28 10:29:41,632 - RobotService - ERROR - [ERRO] Erro ao conectar: Timeout connecting to UR dashboard server.
2025-10-28 10:29:41,632 - TapatanOrchestrator - ERROR - Falha ao conectar com o robô
2025-10-28 10:29:41,632 - TapatanOrchestrator - INFO - Finalizando orquestrador...
2025-10-28 10:29:41,633 - RobotService - INFO - [EXECUTANDO] Movendo para posição home
2025-10-28 10:29:41,633 - RobotService - ERROR - [ERRO] Robô não está conectado
2025-10-28 10:29:41,633 - RobotService - INFO - [CONEXAO] Robô desconectado
2025-10-28 10:29:41,633 - TapatanOrchestrator - INFO - Orquestrador finalizado
