2025-11-03 10:50:15 - vision.vision.vision_logger - INFO - _setup_logger:92 - VisionLogger inicializado para 'vision.vision_logger'
2025-11-03 10:50:24 - vision.vision.aruco_vision - INFO - _setup_logger:92 - VisionLogger inicializado para 'vision.aruco_vision'
2025-11-03 10:50:24 - vision.vision.camera_manager - INFO - _setup_logger:92 - VisionLogger inicializado para 'vision.camera_manager'
2025-11-03 10:50:24 - vision.vision.camera_manager - INFO - info:100 - [INFO] CameraManager inicializado com configurações do projeto
2025-11-03 10:50:24 - vision.vision.visual_monitor - INFO - _setup_logger:92 - VisionLogger inicializado para 'vision.visual_monitor'
2025-11-03 10:50:24 - vision.vision.visual_monitor - INFO - info:100 - [INFO] VisualMonitor inicializado
2025-11-03 10:50:24 - vision.vision.camera_manager - INFO - info:100 - [INFO] Tentando inicializar câmera 1
2025-11-03 10:50:26 - vision.vision.camera_manager - DEBUG - debug:96 - [DEBUG] Câmera configurada: 640x480
2025-11-03 10:50:27 - vision.vision.camera_manager - INFO - info:100 - [INFO] Câmera 1 inicializada: 640x480@30fps (DirectShow)
2025-11-03 10:50:27 - vision.vision.camera_manager - DEBUG - performance:120 - [PERFORMANCE] FPS atual: 26.9
2025-11-03 10:50:28 - vision.vision.camera_manager - DEBUG - performance:120 - [PERFORMANCE] FPS atual: 1.9
2025-11-03 10:50:29 - vision.vision.camera_manager - DEBUG - performance:120 - [PERFORMANCE] FPS atual: 1.5
2025-11-03 10:50:30 - vision.vision.camera_manager - DEBUG - performance:120 - [PERFORMANCE] FPS atual: 1.3
2025-11-03 10:50:31 - vision.vision.camera_manager - DEBUG - performance:120 - [PERFORMANCE] FPS atual: 1.2
2025-11-03 10:50:32 - vision.vision.camera_manager - DEBUG - performance:120 - [PERFORMANCE] FPS atual: 1.2
2025-11-03 10:50:33 - vision.vision.camera_manager - DEBUG - performance:120 - [PERFORMANCE] FPS atual: 1.2
2025-11-03 10:50:34 - vision.vision.camera_manager - DEBUG - performance:120 - [PERFORMANCE] FPS atual: 1.1
2025-11-03 10:50:35 - vision.vision.camera_manager - DEBUG - performance:120 - [PERFORMANCE] FPS atual: 1.1
2025-11-03 10:50:36 - vision.vision.camera_manager - DEBUG - performance:120 - [PERFORMANCE] FPS atual: 1.1
2025-11-03 10:50:37 - vision.vision.camera_manager - DEBUG - performance:120 - [PERFORMANCE] FPS atual: 1.1
2025-11-03 10:50:38 - vision.vision.camera_manager - DEBUG - performance:120 - [PERFORMANCE] FPS atual: 1.1
2025-11-03 10:50:39 - vision.vision.camera_manager - DEBUG - performance:120 - [PERFORMANCE] FPS atual: 1.1
2025-11-03 10:50:40 - vision.vision.camera_manager - DEBUG - performance:120 - [PERFORMANCE] FPS atual: 1.1
2025-11-03 10:50:41 - vision.vision.camera_manager - DEBUG - performance:120 - [PERFORMANCE] FPS atual: 1.1
2025-11-03 10:50:42 - vision.vision.camera_manager - DEBUG - performance:120 - [PERFORMANCE] FPS atual: 1.1
2025-11-03 10:50:43 - vision.vision.camera_manager - DEBUG - performance:120 - [PERFORMANCE] FPS atual: 1.1
2025-11-03 10:50:44 - vision.vision.camera_manager - DEBUG - performance:120 - [PERFORMANCE] FPS atual: 1.1
2025-11-03 10:50:45 - vision.vision.camera_manager - DEBUG - performance:120 - [PERFORMANCE] FPS atual: 1.0
2025-11-03 10:50:46 - vision.vision.camera_manager - DEBUG - performance:120 - [PERFORMANCE] FPS atual: 1.0
2025-11-03 10:50:47 - vision.vision.camera_manager - DEBUG - performance:120 - [PERFORMANCE] FPS atual: 1.0
2025-11-03 10:50:48 - vision.vision.camera_manager - DEBUG - performance:120 - [PERFORMANCE] FPS atual: 1.0
2025-11-03 10:50:49 - vision.vision.camera_manager - DEBUG - performance:120 - [PERFORMANCE] FPS atual: 1.0
2025-11-03 10:50:50 - vision.vision.camera_manager - DEBUG - performance:120 - [PERFORMANCE] FPS atual: 1.0
2025-11-03 10:50:51 - vision.vision.camera_manager - DEBUG - performance:120 - [PERFORMANCE] FPS atual: 1.0
2025-11-03 10:50:52 - vision.vision.camera_manager - DEBUG - performance:120 - [PERFORMANCE] FPS atual: 1.0
2025-11-03 10:50:53 - vision.vision.camera_manager - DEBUG - performance:120 - [PERFORMANCE] FPS atual: 1.0
2025-11-03 10:50:54 - vision.vision.camera_manager - DEBUG - performance:120 - [PERFORMANCE] FPS atual: 1.0
2025-11-03 10:50:55 - vision.vision.camera_manager - DEBUG - performance:120 - [PERFORMANCE] FPS atual: 1.0
2025-11-03 10:50:56 - vision.vision.camera_manager - DEBUG - performance:120 - [PERFORMANCE] FPS atual: 1.0
2025-11-03 10:50:57 - vision.vision.camera_manager - DEBUG - performance:120 - [PERFORMANCE] FPS atual: 1.0
2025-11-03 10:50:58 - vision.vision.camera_manager - DEBUG - performance:120 - [PERFORMANCE] FPS atual: 1.0
2025-11-03 10:50:59 - vision.vision.camera_manager - DEBUG - performance:120 - [PERFORMANCE] FPS atual: 1.0
2025-11-03 10:51:00 - vision.vision.camera_manager - DEBUG - performance:120 - [PERFORMANCE] FPS atual: 1.0
2025-11-03 10:51:01 - vision.vision.camera_manager - DEBUG - performance:120 - [PERFORMANCE] FPS atual: 1.0
2025-11-03 10:51:02 - vision.vision.camera_manager - DEBUG - performance:120 - [PERFORMANCE] FPS atual: 1.0
2025-11-03 10:51:03 - vision.vision.camera_manager - DEBUG - performance:120 - [PERFORMANCE] FPS atual: 1.0
2025-11-03 10:51:04 - vision.vision.camera_manager - DEBUG - performance:120 - [PERFORMANCE] FPS atual: 1.0
2025-11-03 10:51:05 - vision.vision.camera_manager - DEBUG - performance:120 - [PERFORMANCE] FPS atual: 1.0
2025-11-03 10:51:06 - vision.vision.camera_manager - DEBUG - performance:120 - [PERFORMANCE] FPS atual: 1.0
2025-11-03 10:51:07 - vision.vision.camera_manager - DEBUG - performance:120 - [PERFORMANCE] FPS atual: 1.0
2025-11-03 10:51:08 - vision.vision.camera_manager - DEBUG - performance:120 - [PERFORMANCE] FPS atual: 1.0
2025-11-03 10:51:09 - vision.vision.camera_manager - DEBUG - performance:120 - [PERFORMANCE] FPS atual: 1.0
2025-11-03 10:51:10 - vision.vision.camera_manager - DEBUG - performance:120 - [PERFORMANCE] FPS atual: 1.0
2025-11-03 10:51:11 - vision.vision.camera_manager - DEBUG - performance:120 - [PERFORMANCE] FPS atual: 1.0
2025-11-03 10:51:12 - vision.vision.camera_manager - DEBUG - performance:120 - [PERFORMANCE] FPS atual: 1.0
2025-11-03 10:51:13 - vision.vision.camera_manager - DEBUG - performance:120 - [PERFORMANCE] FPS atual: 1.0
2025-11-03 10:51:14 - vision.vision.camera_manager - DEBUG - performance:120 - [PERFORMANCE] FPS atual: 1.0
2025-11-03 10:51:15 - vision.vision.camera_manager - DEBUG - performance:120 - [PERFORMANCE] FPS atual: 1.0
2025-11-03 10:51:16 - vision.vision.camera_manager - DEBUG - performance:120 - [PERFORMANCE] FPS atual: 1.0
2025-11-03 10:51:17 - vision.vision.camera_manager - DEBUG - performance:120 - [PERFORMANCE] FPS atual: 1.0
2025-11-03 10:51:18 - vision.vision.camera_manager - DEBUG - performance:120 - [PERFORMANCE] FPS atual: 1.0
2025-11-03 10:51:19 - vision.vision.camera_manager - DEBUG - performance:120 - [PERFORMANCE] FPS atual: 1.0
2025-11-03 10:51:20 - vision.vision.camera_manager - DEBUG - performance:120 - [PERFORMANCE] FPS atual: 1.0
2025-11-03 10:51:21 - vision.vision.camera_manager - DEBUG - performance:120 - [PERFORMANCE] FPS atual: 1.0
2025-11-03 10:51:22 - vision.vision.camera_manager - DEBUG - performance:120 - [PERFORMANCE] FPS atual: 1.0
2025-11-03 10:51:23 - vision.vision.camera_manager - DEBUG - performance:120 - [PERFORMANCE] FPS atual: 1.0
2025-11-03 10:51:24 - vision.vision.camera_manager - DEBUG - performance:120 - [PERFORMANCE] FPS atual: 1.0
2025-11-03 10:51:25 - vision.vision.camera_manager - DEBUG - performance:120 - [PERFORMANCE] FPS atual: 1.0
2025-11-03 10:51:26 - vision.vision.camera_manager - DEBUG - performance:120 - [PERFORMANCE] FPS atual: 1.0
2025-11-03 10:51:27 - vision.vision.camera_manager - DEBUG - performance:120 - [PERFORMANCE] FPS atual: 1.0
2025-11-03 10:51:28 - vision.vision.camera_manager - DEBUG - performance:120 - [PERFORMANCE] FPS atual: 1.0
2025-11-03 10:51:29 - vision.vision.camera_manager - DEBUG - performance:120 - [PERFORMANCE] FPS atual: 1.0
2025-11-03 10:51:30 - vision.vision.camera_manager - DEBUG - performance:120 - [PERFORMANCE] FPS atual: 1.0
2025-11-03 10:51:31 - vision.vision.camera_manager - DEBUG - performance:120 - [PERFORMANCE] FPS atual: 1.0
2025-11-03 10:51:32 - vision.vision.camera_manager - DEBUG - performance:120 - [PERFORMANCE] FPS atual: 1.0
2025-11-03 10:51:33 - vision.vision.camera_manager - DEBUG - performance:120 - [PERFORMANCE] FPS atual: 1.0
2025-11-03 10:51:34 - vision.vision.camera_manager - DEBUG - performance:120 - [PERFORMANCE] FPS atual: 1.0
2025-11-03 10:51:35 - vision.vision.camera_manager - DEBUG - performance:120 - [PERFORMANCE] FPS atual: 1.0
2025-11-03 10:51:36 - vision.vision.camera_manager - DEBUG - performance:120 - [PERFORMANCE] FPS atual: 1.0
2025-11-03 10:51:37 - vision.vision.camera_manager - DEBUG - performance:120 - [PERFORMANCE] FPS atual: 1.0
2025-11-03 10:51:38 - vision.vision.camera_manager - DEBUG - performance:120 - [PERFORMANCE] FPS atual: 1.0
2025-11-03 10:51:39 - vision.vision.camera_manager - DEBUG - performance:120 - [PERFORMANCE] FPS atual: 1.0
2025-11-03 10:51:40 - vision.vision.camera_manager - DEBUG - performance:120 - [PERFORMANCE] FPS atual: 1.0
2025-11-03 10:51:41 - vision.vision.camera_manager - DEBUG - performance:120 - [PERFORMANCE] FPS atual: 1.0
2025-11-03 10:51:42 - vision.vision.camera_manager - DEBUG - performance:120 - [PERFORMANCE] FPS atual: 1.0
2025-11-03 10:51:43 - vision.vision.camera_manager - DEBUG - performance:120 - [PERFORMANCE] FPS atual: 1.0
2025-11-03 10:51:44 - vision.vision.camera_manager - DEBUG - performance:120 - [PERFORMANCE] FPS atual: 1.0
2025-11-03 10:51:45 - vision.vision.camera_manager - DEBUG - performance:120 - [PERFORMANCE] FPS atual: 1.0
2025-11-03 10:51:46 - vision.vision.camera_manager - DEBUG - performance:120 - [PERFORMANCE] FPS atual: 1.0
2025-11-03 10:51:47 - vision.vision.camera_manager - DEBUG - performance:120 - [PERFORMANCE] FPS atual: 1.0
2025-11-03 10:51:48 - vision.vision.camera_manager - DEBUG - performance:120 - [PERFORMANCE] FPS atual: 1.0
2025-11-03 10:51:49 - vision.vision.camera_manager - DEBUG - performance:120 - [PERFORMANCE] FPS atual: 1.0
2025-11-03 10:51:50 - vision.vision.camera_manager - DEBUG - performance:120 - [PERFORMANCE] FPS atual: 1.0
2025-11-03 10:51:51 - vision.vision.camera_manager - DEBUG - performance:120 - [PERFORMANCE] FPS atual: 1.0
2025-11-03 10:51:52 - vision.vision.camera_manager - DEBUG - performance:120 - [PERFORMANCE] FPS atual: 1.0
2025-11-03 10:51:53 - vision.vision.camera_manager - DEBUG - performance:120 - [PERFORMANCE] FPS atual: 1.0
2025-11-03 10:51:54 - vision.vision.camera_manager - DEBUG - performance:120 - [PERFORMANCE] FPS atual: 1.0
2025-11-03 10:51:55 - vision.vision.camera_manager - DEBUG - performance:120 - [PERFORMANCE] FPS atual: 1.0
2025-11-03 10:51:56 - vision.vision.camera_manager - DEBUG - performance:120 - [PERFORMANCE] FPS atual: 1.0
2025-11-03 10:51:57 - vision.vision.camera_manager - DEBUG - performance:120 - [PERFORMANCE] FPS atual: 1.0
2025-11-03 10:51:58 - vision.vision.camera_manager - DEBUG - performance:120 - [PERFORMANCE] FPS atual: 1.0
2025-11-03 10:51:59 - vision.vision.camera_manager - DEBUG - performance:120 - [PERFORMANCE] FPS atual: 1.0
2025-11-03 10:52:00 - vision.vision.camera_manager - DEBUG - performance:120 - [PERFORMANCE] FPS atual: 1.0
2025-11-03 10:52:01 - vision.vision.camera_manager - DEBUG - performance:120 - [PERFORMANCE] FPS atual: 1.0
2025-11-03 10:52:02 - vision.vision.camera_manager - DEBUG - performance:120 - [PERFORMANCE] FPS atual: 1.0
2025-11-03 10:52:03 - vision.vision.camera_manager - DEBUG - performance:120 - [PERFORMANCE] FPS atual: 1.0
2025-11-03 10:52:04 - vision.vision.camera_manager - DEBUG - performance:120 - [PERFORMANCE] FPS atual: 1.0
2025-11-03 10:52:06 - vision.vision.camera_manager - DEBUG - performance:120 - [PERFORMANCE] FPS atual: 1.0
2025-11-03 10:52:07 - vision.vision.camera_manager - DEBUG - performance:120 - [PERFORMANCE] FPS atual: 1.0
2025-11-03 10:52:08 - vision.vision.camera_manager - DEBUG - performance:120 - [PERFORMANCE] FPS atual: 1.0
2025-11-03 10:52:09 - vision.vision.camera_manager - DEBUG - performance:120 - [PERFORMANCE] FPS atual: 1.0
2025-11-03 10:52:10 - vision.vision.camera_manager - DEBUG - performance:120 - [PERFORMANCE] FPS atual: 1.0
2025-11-03 10:52:11 - vision.vision.camera_manager - DEBUG - performance:120 - [PERFORMANCE] FPS atual: 1.0
2025-11-03 10:52:12 - vision.vision.camera_manager - DEBUG - performance:120 - [PERFORMANCE] FPS atual: 1.0
2025-11-03 10:52:13 - vision.vision.camera_manager - DEBUG - performance:120 - [PERFORMANCE] FPS atual: 1.0
2025-11-03 10:52:14 - vision.vision.camera_manager - DEBUG - performance:120 - [PERFORMANCE] FPS atual: 1.0
2025-11-03 10:52:15 - vision.vision.camera_manager - DEBUG - performance:120 - [PERFORMANCE] FPS atual: 1.0
2025-11-03 10:52:16 - vision.vision.camera_manager - DEBUG - performance:120 - [PERFORMANCE] FPS atual: 1.0
2025-11-03 10:52:17 - vision.vision.camera_manager - DEBUG - performance:120 - [PERFORMANCE] FPS atual: 1.0
2025-11-03 10:52:18 - vision.vision.camera_manager - DEBUG - performance:120 - [PERFORMANCE] FPS atual: 1.0
2025-11-03 10:52:19 - vision.vision.camera_manager - DEBUG - performance:120 - [PERFORMANCE] FPS atual: 1.0
2025-11-03 10:52:20 - vision.vision.camera_manager - DEBUG - performance:120 - [PERFORMANCE] FPS atual: 1.0
2025-11-03 10:52:21 - vision.vision.camera_manager - DEBUG - performance:120 - [PERFORMANCE] FPS atual: 1.0
2025-11-03 10:52:22 - vision.vision.camera_manager - DEBUG - performance:120 - [PERFORMANCE] FPS atual: 1.0
2025-11-03 10:52:23 - vision.vision.camera_manager - DEBUG - performance:120 - [PERFORMANCE] FPS atual: 1.0
2025-11-03 10:52:24 - vision.vision.camera_manager - DEBUG - performance:120 - [PERFORMANCE] FPS atual: 1.0
2025-11-03 10:52:25 - vision.vision.camera_manager - DEBUG - performance:120 - [PERFORMANCE] FPS atual: 1.0
2025-11-03 10:52:26 - vision.vision.camera_manager - DEBUG - performance:120 - [PERFORMANCE] FPS atual: 1.0
2025-11-03 10:52:27 - vision.vision.camera_manager - DEBUG - performance:120 - [PERFORMANCE] FPS atual: 1.0
2025-11-03 10:52:28 - vision.vision.camera_manager - DEBUG - performance:120 - [PERFORMANCE] FPS atual: 1.0
2025-11-03 10:52:29 - vision.vision.camera_manager - DEBUG - performance:120 - [PERFORMANCE] FPS atual: 1.0
2025-11-03 10:52:30 - vision.vision.camera_manager - DEBUG - performance:120 - [PERFORMANCE] FPS atual: 1.0
2025-11-03 10:52:31 - vision.vision.camera_manager - DEBUG - performance:120 - [PERFORMANCE] FPS atual: 1.0
2025-11-03 10:52:32 - vision.vision.camera_manager - DEBUG - performance:120 - [PERFORMANCE] FPS atual: 1.0
2025-11-03 10:52:33 - vision.vision.camera_manager - DEBUG - performance:120 - [PERFORMANCE] FPS atual: 1.0
2025-11-03 10:52:34 - vision.vision.camera_manager - DEBUG - performance:120 - [PERFORMANCE] FPS atual: 1.0
2025-11-03 10:52:35 - vision.vision.camera_manager - DEBUG - performance:120 - [PERFORMANCE] FPS atual: 1.0
2025-11-03 10:52:36 - vision.vision.camera_manager - DEBUG - performance:120 - [PERFORMANCE] FPS atual: 1.0
2025-11-03 10:52:37 - vision.vision.camera_manager - DEBUG - performance:120 - [PERFORMANCE] FPS atual: 1.0
2025-11-03 10:52:38 - vision.vision.camera_manager - DEBUG - performance:120 - [PERFORMANCE] FPS atual: 1.0
2025-11-03 10:52:39 - vision.vision.camera_manager - DEBUG - performance:120 - [PERFORMANCE] FPS atual: 1.0
2025-11-03 10:52:40 - vision.vision.camera_manager - DEBUG - performance:120 - [PERFORMANCE] FPS atual: 1.0
2025-11-03 10:52:41 - vision.vision.camera_manager - DEBUG - performance:120 - [PERFORMANCE] FPS atual: 1.0
2025-11-03 10:52:42 - vision.vision.camera_manager - DEBUG - performance:120 - [PERFORMANCE] FPS atual: 1.0
2025-11-03 10:52:43 - vision.vision.camera_manager - DEBUG - performance:120 - [PERFORMANCE] FPS atual: 1.0
2025-11-03 10:52:44 - vision.vision.camera_manager - DEBUG - performance:120 - [PERFORMANCE] FPS atual: 1.0
2025-11-03 10:52:45 - vision.vision.camera_manager - DEBUG - performance:120 - [PERFORMANCE] FPS atual: 1.0
2025-11-03 10:52:46 - vision.vision.camera_manager - DEBUG - performance:120 - [PERFORMANCE] FPS atual: 1.0
2025-11-03 10:52:47 - vision.vision.camera_manager - DEBUG - performance:120 - [PERFORMANCE] FPS atual: 1.0
2025-11-03 10:52:48 - vision.vision.camera_manager - DEBUG - performance:120 - [PERFORMANCE] FPS atual: 1.0
2025-11-03 10:52:49 - vision.vision.camera_manager - DEBUG - performance:120 - [PERFORMANCE] FPS atual: 1.0
2025-11-03 10:52:50 - vision.vision.camera_manager - DEBUG - performance:120 - [PERFORMANCE] FPS atual: 1.0
2025-11-03 10:52:51 - vision.vision.camera_manager - DEBUG - performance:120 - [PERFORMANCE] FPS atual: 1.0
2025-11-03 10:52:52 - vision.vision.camera_manager - DEBUG - performance:120 - [PERFORMANCE] FPS atual: 1.0
2025-11-03 10:52:53 - vision.vision.camera_manager - DEBUG - performance:120 - [PERFORMANCE] FPS atual: 1.0
2025-11-03 10:52:54 - vision.vision.camera_manager - DEBUG - performance:120 - [PERFORMANCE] FPS atual: 1.0
2025-11-03 10:52:55 - vision.vision.camera_manager - DEBUG - performance:120 - [PERFORMANCE] FPS atual: 1.0
2025-11-03 10:52:56 - vision.vision.camera_manager - DEBUG - performance:120 - [PERFORMANCE] FPS atual: 1.0
2025-11-03 10:52:57 - vision.vision.camera_manager - DEBUG - performance:120 - [PERFORMANCE] FPS atual: 1.0
2025-11-03 10:52:58 - vision.vision.camera_manager - DEBUG - performance:120 - [PERFORMANCE] FPS atual: 1.0
2025-11-03 10:52:59 - vision.vision.camera_manager - DEBUG - performance:120 - [PERFORMANCE] FPS atual: 1.0
2025-11-03 10:53:00 - vision.vision.camera_manager - DEBUG - performance:120 - [PERFORMANCE] FPS atual: 1.0
2025-11-03 10:53:01 - vision.vision.camera_manager - DEBUG - performance:120 - [PERFORMANCE] FPS atual: 1.0
2025-11-03 10:53:02 - vision.vision.camera_manager - DEBUG - performance:120 - [PERFORMANCE] FPS atual: 1.0
2025-11-03 10:53:03 - vision.vision.camera_manager - DEBUG - performance:120 - [PERFORMANCE] FPS atual: 1.0
2025-11-03 10:53:04 - vision.vision.camera_manager - DEBUG - performance:120 - [PERFORMANCE] FPS atual: 1.0
2025-11-03 10:53:05 - vision.vision.camera_manager - DEBUG - performance:120 - [PERFORMANCE] FPS atual: 1.0
2025-11-03 10:53:06 - vision.vision.camera_manager - DEBUG - performance:120 - [PERFORMANCE] FPS atual: 1.0
2025-11-03 10:53:07 - vision.vision.camera_manager - DEBUG - performance:120 - [PERFORMANCE] FPS atual: 1.0
2025-11-03 10:53:08 - vision.vision.camera_manager - DEBUG - performance:120 - [PERFORMANCE] FPS atual: 1.0
2025-11-03 10:53:09 - vision.vision.camera_manager - DEBUG - performance:120 - [PERFORMANCE] FPS atual: 1.0
2025-11-03 10:53:10 - vision.vision.camera_manager - DEBUG - performance:120 - [PERFORMANCE] FPS atual: 1.0
2025-11-03 10:53:11 - vision.vision.camera_manager - DEBUG - performance:120 - [PERFORMANCE] FPS atual: 1.0
2025-11-03 10:53:12 - vision.vision.camera_manager - DEBUG - performance:120 - [PERFORMANCE] FPS atual: 1.0
2025-11-03 10:53:13 - vision.vision.camera_manager - DEBUG - performance:120 - [PERFORMANCE] FPS atual: 1.0
2025-11-03 10:53:14 - vision.vision.camera_manager - DEBUG - performance:120 - [PERFORMANCE] FPS atual: 1.0
2025-11-03 10:53:15 - vision.vision.camera_manager - DEBUG - performance:120 - [PERFORMANCE] FPS atual: 1.0
2025-11-03 10:53:16 - vision.vision.camera_manager - DEBUG - performance:120 - [PERFORMANCE] FPS atual: 1.0
2025-11-03 10:53:17 - vision.vision.camera_manager - DEBUG - performance:120 - [PERFORMANCE] FPS atual: 1.0
2025-11-03 10:53:18 - vision.vision.camera_manager - DEBUG - performance:120 - [PERFORMANCE] FPS atual: 1.0
2025-11-03 10:53:19 - vision.vision.camera_manager - DEBUG - performance:120 - [PERFORMANCE] FPS atual: 1.0
2025-11-03 10:53:20 - vision.vision.camera_manager - DEBUG - performance:120 - [PERFORMANCE] FPS atual: 1.0
2025-11-03 10:53:21 - vision.vision.camera_manager - DEBUG - performance:120 - [PERFORMANCE] FPS atual: 1.0
2025-11-03 10:53:22 - vision.vision.camera_manager - DEBUG - performance:120 - [PERFORMANCE] FPS atual: 1.0
2025-11-03 10:53:23 - vision.vision.camera_manager - DEBUG - performance:120 - [PERFORMANCE] FPS atual: 1.0
2025-11-03 10:53:24 - vision.vision.camera_manager - DEBUG - performance:120 - [PERFORMANCE] FPS atual: 1.0
2025-11-03 10:53:25 - vision.vision.camera_manager - DEBUG - performance:120 - [PERFORMANCE] FPS atual: 1.0
2025-11-03 10:53:26 - vision.vision.camera_manager - DEBUG - performance:120 - [PERFORMANCE] FPS atual: 1.0
2025-11-03 10:53:27 - vision.vision.camera_manager - DEBUG - performance:120 - [PERFORMANCE] FPS atual: 1.0
2025-11-03 10:53:28 - vision.vision.camera_manager - DEBUG - performance:120 - [PERFORMANCE] FPS atual: 1.0
2025-11-03 10:53:29 - vision.vision.camera_manager - DEBUG - performance:120 - [PERFORMANCE] FPS atual: 1.0
2025-11-03 10:53:30 - vision.vision.camera_manager - DEBUG - performance:120 - [PERFORMANCE] FPS atual: 1.0
2025-11-03 10:53:31 - vision.vision.camera_manager - DEBUG - performance:120 - [PERFORMANCE] FPS atual: 1.0
2025-11-03 10:53:32 - vision.vision.camera_manager - DEBUG - performance:120 - [PERFORMANCE] FPS atual: 1.0
2025-11-03 10:53:33 - vision.vision.camera_manager - DEBUG - performance:120 - [PERFORMANCE] FPS atual: 1.0
2025-11-03 10:53:34 - vision.vision.camera_manager - DEBUG - performance:120 - [PERFORMANCE] FPS atual: 1.0
2025-11-03 10:53:35 - vision.vision.camera_manager - DEBUG - performance:120 - [PERFORMANCE] FPS atual: 1.0
2025-11-03 10:53:36 - vision.vision.camera_manager - DEBUG - performance:120 - [PERFORMANCE] FPS atual: 1.0
2025-11-03 10:53:37 - vision.vision.camera_manager - DEBUG - performance:120 - [PERFORMANCE] FPS atual: 1.0
2025-11-03 10:53:38 - vision.vision.camera_manager - DEBUG - performance:120 - [PERFORMANCE] FPS atual: 1.0
2025-11-03 10:53:39 - vision.vision.camera_manager - DEBUG - performance:120 - [PERFORMANCE] FPS atual: 1.0
2025-11-03 10:53:40 - vision.vision.camera_manager - DEBUG - performance:120 - [PERFORMANCE] FPS atual: 1.0
2025-11-03 10:53:41 - vision.vision.camera_manager - DEBUG - performance:120 - [PERFORMANCE] FPS atual: 1.0
2025-11-03 10:53:42 - vision.vision.camera_manager - DEBUG - performance:120 - [PERFORMANCE] FPS atual: 1.0
2025-11-03 10:53:43 - vision.vision.camera_manager - DEBUG - performance:120 - [PERFORMANCE] FPS atual: 1.0
2025-11-03 10:53:44 - vision.vision.camera_manager - DEBUG - performance:120 - [PERFORMANCE] FPS atual: 1.0
2025-11-03 10:53:45 - vision.vision.camera_manager - DEBUG - performance:120 - [PERFORMANCE] FPS atual: 1.0
2025-11-03 10:53:46 - vision.vision.camera_manager - DEBUG - performance:120 - [PERFORMANCE] FPS atual: 1.0
2025-11-03 10:53:47 - vision.vision.camera_manager - DEBUG - performance:120 - [PERFORMANCE] FPS atual: 1.0
2025-11-03 10:53:48 - vision.vision.camera_manager - DEBUG - performance:120 - [PERFORMANCE] FPS atual: 1.0
2025-11-03 10:53:49 - vision.vision.camera_manager - DEBUG - performance:120 - [PERFORMANCE] FPS atual: 1.0
2025-11-03 10:53:50 - vision.vision.camera_manager - DEBUG - performance:120 - [PERFORMANCE] FPS atual: 1.0
2025-11-03 10:53:51 - vision.vision.camera_manager - DEBUG - performance:120 - [PERFORMANCE] FPS atual: 1.0
2025-11-03 10:53:52 - vision.vision.camera_manager - DEBUG - performance:120 - [PERFORMANCE] FPS atual: 1.0
2025-11-03 10:53:53 - vision.vision.camera_manager - DEBUG - performance:120 - [PERFORMANCE] FPS atual: 1.0
2025-11-03 10:53:54 - vision.vision.camera_manager - DEBUG - performance:120 - [PERFORMANCE] FPS atual: 1.0
2025-11-03 10:53:55 - vision.vision.camera_manager - DEBUG - performance:120 - [PERFORMANCE] FPS atual: 1.0
2025-11-03 10:53:56 - vision.vision.camera_manager - DEBUG - performance:120 - [PERFORMANCE] FPS atual: 1.0
2025-11-03 10:53:57 - vision.vision.camera_manager - DEBUG - performance:120 - [PERFORMANCE] FPS atual: 1.0
2025-11-03 10:53:58 - vision.vision.camera_manager - DEBUG - performance:120 - [PERFORMANCE] FPS atual: 1.0
2025-11-03 10:53:59 - vision.vision.camera_manager - DEBUG - performance:120 - [PERFORMANCE] FPS atual: 1.0
2025-11-03 10:54:00 - vision.vision.camera_manager - DEBUG - performance:120 - [PERFORMANCE] FPS atual: 1.0
2025-11-03 10:54:01 - vision.vision.camera_manager - DEBUG - performance:120 - [PERFORMANCE] FPS atual: 1.0
2025-11-03 10:54:02 - vision.vision.camera_manager - DEBUG - performance:120 - [PERFORMANCE] FPS atual: 1.0
2025-11-03 10:54:03 - vision.vision.camera_manager - DEBUG - performance:120 - [PERFORMANCE] FPS atual: 1.0
2025-11-03 10:54:04 - vision.vision.camera_manager - DEBUG - performance:120 - [PERFORMANCE] FPS atual: 1.0
2025-11-03 10:54:05 - vision.vision.camera_manager - DEBUG - performance:120 - [PERFORMANCE] FPS atual: 1.0
2025-11-03 10:54:06 - vision.vision.camera_manager - DEBUG - performance:120 - [PERFORMANCE] FPS atual: 1.0
2025-11-03 10:54:07 - vision.vision.camera_manager - DEBUG - performance:120 - [PERFORMANCE] FPS atual: 1.0
2025-11-03 10:54:08 - vision.vision.camera_manager - DEBUG - performance:120 - [PERFORMANCE] FPS atual: 1.0
2025-11-03 10:54:09 - vision.vision.camera_manager - DEBUG - performance:120 - [PERFORMANCE] FPS atual: 1.0
2025-11-03 10:54:10 - vision.vision.camera_manager - DEBUG - performance:120 - [PERFORMANCE] FPS atual: 1.0
2025-11-03 10:54:11 - vision.vision.camera_manager - DEBUG - performance:120 - [PERFORMANCE] FPS atual: 1.0
2025-11-03 10:54:12 - vision.vision.camera_manager - DEBUG - performance:120 - [PERFORMANCE] FPS atual: 1.0
2025-11-03 10:54:13 - vision.vision.camera_manager - DEBUG - performance:120 - [PERFORMANCE] FPS atual: 1.0
2025-11-03 10:54:14 - vision.vision.camera_manager - DEBUG - performance:120 - [PERFORMANCE] FPS atual: 1.0
2025-11-03 10:54:15 - vision.vision.camera_manager - DEBUG - performance:120 - [PERFORMANCE] FPS atual: 1.0
2025-11-03 10:54:16 - vision.vision.camera_manager - DEBUG - performance:120 - [PERFORMANCE] FPS atual: 1.0
2025-11-03 10:54:17 - vision.vision.camera_manager - DEBUG - performance:120 - [PERFORMANCE] FPS atual: 1.0
2025-11-03 10:54:18 - vision.vision.camera_manager - DEBUG - performance:120 - [PERFORMANCE] FPS atual: 1.0
2025-11-03 10:54:19 - vision.vision.camera_manager - DEBUG - performance:120 - [PERFORMANCE] FPS atual: 1.0
2025-11-03 10:54:20 - vision.vision.camera_manager - DEBUG - performance:120 - [PERFORMANCE] FPS atual: 1.0
2025-11-03 10:54:21 - vision.vision.camera_manager - DEBUG - performance:120 - [PERFORMANCE] FPS atual: 1.0
2025-11-03 10:54:22 - vision.vision.camera_manager - DEBUG - performance:120 - [PERFORMANCE] FPS atual: 1.0
2025-11-03 10:54:23 - vision.vision.camera_manager - DEBUG - performance:120 - [PERFORMANCE] FPS atual: 1.0
2025-11-03 10:54:24 - vision.vision.camera_manager - DEBUG - performance:120 - [PERFORMANCE] FPS atual: 1.0
2025-11-03 10:54:25 - vision.vision.camera_manager - DEBUG - performance:120 - [PERFORMANCE] FPS atual: 1.0
2025-11-03 10:54:26 - vision.vision.camera_manager - DEBUG - performance:120 - [PERFORMANCE] FPS atual: 1.0
2025-11-03 10:54:27 - vision.vision.camera_manager - DEBUG - performance:120 - [PERFORMANCE] FPS atual: 1.0
2025-11-03 10:54:28 - vision.vision.camera_manager - DEBUG - performance:120 - [PERFORMANCE] FPS atual: 1.0
2025-11-03 10:54:29 - vision.vision.camera_manager - DEBUG - performance:120 - [PERFORMANCE] FPS atual: 1.0
2025-11-03 10:54:30 - vision.vision.camera_manager - DEBUG - performance:120 - [PERFORMANCE] FPS atual: 1.0
2025-11-03 10:54:31 - vision.vision.camera_manager - DEBUG - performance:120 - [PERFORMANCE] FPS atual: 1.0
2025-11-03 10:54:32 - vision.vision.camera_manager - DEBUG - performance:120 - [PERFORMANCE] FPS atual: 1.0
2025-11-03 10:54:33 - vision.vision.camera_manager - DEBUG - performance:120 - [PERFORMANCE] FPS atual: 1.0
2025-11-03 10:54:34 - vision.vision.camera_manager - DEBUG - performance:120 - [PERFORMANCE] FPS atual: 1.0
2025-11-03 10:54:35 - vision.vision.camera_manager - DEBUG - performance:120 - [PERFORMANCE] FPS atual: 1.0
2025-11-03 10:54:36 - vision.vision.camera_manager - DEBUG - performance:120 - [PERFORMANCE] FPS atual: 1.0
2025-11-03 10:54:37 - vision.vision.camera_manager - DEBUG - performance:120 - [PERFORMANCE] FPS atual: 1.0
2025-11-03 10:54:38 - vision.vision.camera_manager - DEBUG - performance:120 - [PERFORMANCE] FPS atual: 1.0
2025-11-03 10:54:39 - vision.vision.camera_manager - DEBUG - performance:120 - [PERFORMANCE] FPS atual: 1.0
2025-11-03 10:54:40 - vision.vision.camera_manager - DEBUG - performance:120 - [PERFORMANCE] FPS atual: 1.0
2025-11-03 10:54:41 - vision.vision.camera_manager - DEBUG - performance:120 - [PERFORMANCE] FPS atual: 1.0
2025-11-03 10:54:42 - vision.vision.camera_manager - DEBUG - performance:120 - [PERFORMANCE] FPS atual: 1.0
2025-11-03 10:54:43 - vision.vision.camera_manager - DEBUG - performance:120 - [PERFORMANCE] FPS atual: 1.0
2025-11-03 10:54:44 - vision.vision.camera_manager - DEBUG - performance:120 - [PERFORMANCE] FPS atual: 1.0
2025-11-03 10:54:45 - vision.vision.camera_manager - DEBUG - performance:120 - [PERFORMANCE] FPS atual: 1.0
2025-11-03 10:54:46 - vision.vision.camera_manager - DEBUG - performance:120 - [PERFORMANCE] FPS atual: 1.0
2025-11-03 10:54:47 - vision.vision.camera_manager - DEBUG - performance:120 - [PERFORMANCE] FPS atual: 1.0
2025-11-03 10:54:48 - vision.vision.camera_manager - DEBUG - performance:120 - [PERFORMANCE] FPS atual: 1.0
2025-11-03 10:54:49 - vision.vision.camera_manager - DEBUG - performance:120 - [PERFORMANCE] FPS atual: 1.0
2025-11-03 10:54:50 - vision.vision.camera_manager - DEBUG - performance:120 - [PERFORMANCE] FPS atual: 1.0
2025-11-03 10:54:51 - vision.vision.camera_manager - DEBUG - performance:120 - [PERFORMANCE] FPS atual: 1.0
2025-11-03 10:54:53 - vision.vision.camera_manager - DEBUG - performance:120 - [PERFORMANCE] FPS atual: 1.0
2025-11-03 10:54:54 - vision.vision.camera_manager - DEBUG - performance:120 - [PERFORMANCE] FPS atual: 1.0
2025-11-03 10:54:55 - vision.vision.camera_manager - DEBUG - performance:120 - [PERFORMANCE] FPS atual: 1.0
2025-11-03 10:54:56 - vision.vision.camera_manager - DEBUG - performance:120 - [PERFORMANCE] FPS atual: 1.0
2025-11-03 10:54:57 - vision.vision.camera_manager - DEBUG - performance:120 - [PERFORMANCE] FPS atual: 1.0
2025-11-03 10:54:58 - vision.vision.camera_manager - DEBUG - performance:120 - [PERFORMANCE] FPS atual: 1.0
2025-11-03 10:54:59 - vision.vision.camera_manager - DEBUG - performance:120 - [PERFORMANCE] FPS atual: 1.0
2025-11-03 10:55:00 - vision.vision.camera_manager - DEBUG - performance:120 - [PERFORMANCE] FPS atual: 1.0
2025-11-03 10:55:01 - vision.vision.camera_manager - DEBUG - performance:120 - [PERFORMANCE] FPS atual: 1.0
2025-11-03 10:55:02 - vision.vision.camera_manager - DEBUG - performance:120 - [PERFORMANCE] FPS atual: 1.0
2025-11-03 10:55:03 - vision.vision.camera_manager - DEBUG - performance:120 - [PERFORMANCE] FPS atual: 1.0
2025-11-03 10:55:04 - vision.vision.camera_manager - DEBUG - performance:120 - [PERFORMANCE] FPS atual: 1.0
2025-11-03 10:55:05 - vision.vision.camera_manager - DEBUG - performance:120 - [PERFORMANCE] FPS atual: 1.0
2025-11-03 10:55:06 - vision.vision.camera_manager - DEBUG - performance:120 - [PERFORMANCE] FPS atual: 1.0
2025-11-03 10:55:07 - vision.vision.camera_manager - DEBUG - performance:120 - [PERFORMANCE] FPS atual: 1.0
2025-11-03 10:55:08 - vision.vision.camera_manager - DEBUG - performance:120 - [PERFORMANCE] FPS atual: 1.0
2025-11-03 10:55:09 - vision.vision.camera_manager - DEBUG - performance:120 - [PERFORMANCE] FPS atual: 1.0
2025-11-03 10:55:10 - vision.vision.camera_manager - DEBUG - performance:120 - [PERFORMANCE] FPS atual: 1.0
2025-11-03 10:55:11 - vision.vision.camera_manager - DEBUG - performance:120 - [PERFORMANCE] FPS atual: 1.0
2025-11-03 10:55:12 - vision.vision.camera_manager - DEBUG - performance:120 - [PERFORMANCE] FPS atual: 1.0
2025-11-03 10:55:13 - vision.vision.camera_manager - DEBUG - performance:120 - [PERFORMANCE] FPS atual: 1.0
2025-11-03 10:55:14 - vision.vision.camera_manager - DEBUG - performance:120 - [PERFORMANCE] FPS atual: 1.0
2025-11-03 10:55:15 - vision.vision.camera_manager - DEBUG - performance:120 - [PERFORMANCE] FPS atual: 1.0
2025-11-03 10:55:16 - vision.vision.camera_manager - DEBUG - performance:120 - [PERFORMANCE] FPS atual: 1.0
2025-11-03 10:55:17 - vision.vision.camera_manager - DEBUG - performance:120 - [PERFORMANCE] FPS atual: 1.0
2025-11-03 10:55:18 - vision.vision.camera_manager - DEBUG - performance:120 - [PERFORMANCE] FPS atual: 1.0
2025-11-03 10:55:19 - vision.vision.camera_manager - DEBUG - performance:120 - [PERFORMANCE] FPS atual: 1.0
2025-11-03 10:55:20 - vision.vision.camera_manager - DEBUG - performance:120 - [PERFORMANCE] FPS atual: 1.0
2025-11-03 10:55:21 - vision.vision.camera_manager - DEBUG - performance:120 - [PERFORMANCE] FPS atual: 1.0
2025-11-03 10:55:22 - vision.vision.camera_manager - DEBUG - performance:120 - [PERFORMANCE] FPS atual: 1.0
2025-11-03 10:55:23 - vision.vision.camera_manager - DEBUG - performance:120 - [PERFORMANCE] FPS atual: 1.0
2025-11-03 10:55:24 - vision.vision.camera_manager - DEBUG - performance:120 - [PERFORMANCE] FPS atual: 1.0
2025-11-03 10:55:25 - vision.vision.camera_manager - DEBUG - performance:120 - [PERFORMANCE] FPS atual: 1.0
2025-11-03 10:55:26 - vision.vision.camera_manager - DEBUG - performance:120 - [PERFORMANCE] FPS atual: 1.0
2025-11-03 10:55:27 - vision.vision.camera_manager - DEBUG - performance:120 - [PERFORMANCE] FPS atual: 1.0
2025-11-03 10:55:28 - vision.vision.camera_manager - DEBUG - performance:120 - [PERFORMANCE] FPS atual: 1.0
2025-11-03 10:55:29 - vision.vision.camera_manager - DEBUG - performance:120 - [PERFORMANCE] FPS atual: 1.0
2025-11-03 10:55:30 - vision.vision.camera_manager - DEBUG - performance:120 - [PERFORMANCE] FPS atual: 1.0
2025-11-03 10:55:31 - vision.vision.camera_manager - DEBUG - performance:120 - [PERFORMANCE] FPS atual: 1.0
2025-11-03 10:55:32 - vision.vision.camera_manager - DEBUG - performance:120 - [PERFORMANCE] FPS atual: 1.0
2025-11-03 10:55:33 - vision.vision.camera_manager - DEBUG - performance:120 - [PERFORMANCE] FPS atual: 1.0
2025-11-03 10:55:34 - vision.vision.camera_manager - DEBUG - performance:120 - [PERFORMANCE] FPS atual: 1.0
2025-11-03 10:55:35 - vision.vision.camera_manager - DEBUG - performance:120 - [PERFORMANCE] FPS atual: 1.0
2025-11-03 10:55:36 - vision.vision.camera_manager - DEBUG - performance:120 - [PERFORMANCE] FPS atual: 1.0
2025-11-03 10:55:37 - vision.vision.camera_manager - DEBUG - performance:120 - [PERFORMANCE] FPS atual: 1.0
2025-11-03 10:55:38 - vision.vision.camera_manager - DEBUG - performance:120 - [PERFORMANCE] FPS atual: 1.0
2025-11-03 10:55:39 - vision.vision.camera_manager - DEBUG - performance:120 - [PERFORMANCE] FPS atual: 1.0
2025-11-03 10:55:40 - vision.vision.camera_manager - DEBUG - performance:120 - [PERFORMANCE] FPS atual: 1.0
2025-11-03 10:55:41 - vision.vision.camera_manager - DEBUG - performance:120 - [PERFORMANCE] FPS atual: 1.0
2025-11-03 10:55:42 - vision.vision.camera_manager - DEBUG - performance:120 - [PERFORMANCE] FPS atual: 1.0
2025-11-03 10:55:43 - vision.vision.camera_manager - DEBUG - performance:120 - [PERFORMANCE] FPS atual: 1.0
2025-11-03 10:55:44 - vision.vision.camera_manager - DEBUG - performance:120 - [PERFORMANCE] FPS atual: 1.0
2025-11-03 10:55:45 - vision.vision.camera_manager - DEBUG - performance:120 - [PERFORMANCE] FPS atual: 1.0
2025-11-03 10:55:46 - vision.vision.camera_manager - DEBUG - performance:120 - [PERFORMANCE] FPS atual: 1.0
2025-11-03 10:55:47 - vision.vision.camera_manager - DEBUG - performance:120 - [PERFORMANCE] FPS atual: 1.0
2025-11-03 10:55:48 - vision.vision.camera_manager - DEBUG - performance:120 - [PERFORMANCE] FPS atual: 1.0
2025-11-03 10:55:49 - vision.vision.camera_manager - DEBUG - performance:120 - [PERFORMANCE] FPS atual: 1.0
2025-11-03 10:55:50 - vision.vision.camera_manager - DEBUG - performance:120 - [PERFORMANCE] FPS atual: 1.0
2025-11-03 10:55:51 - vision.vision.camera_manager - DEBUG - performance:120 - [PERFORMANCE] FPS atual: 1.0
2025-11-03 10:55:52 - vision.vision.camera_manager - DEBUG - performance:120 - [PERFORMANCE] FPS atual: 1.0
2025-11-03 10:55:53 - vision.vision.camera_manager - DEBUG - performance:120 - [PERFORMANCE] FPS atual: 1.0
2025-11-03 10:55:54 - vision.vision.camera_manager - DEBUG - performance:120 - [PERFORMANCE] FPS atual: 1.0
2025-11-03 10:55:55 - vision.vision.camera_manager - DEBUG - performance:120 - [PERFORMANCE] FPS atual: 1.0
2025-11-03 10:55:56 - vision.vision.camera_manager - DEBUG - performance:120 - [PERFORMANCE] FPS atual: 1.0
2025-11-03 10:55:57 - vision.vision.camera_manager - DEBUG - performance:120 - [PERFORMANCE] FPS atual: 1.0
2025-11-03 10:55:58 - vision.vision.camera_manager - DEBUG - performance:120 - [PERFORMANCE] FPS atual: 1.0
2025-11-03 10:55:59 - vision.vision.camera_manager - DEBUG - performance:120 - [PERFORMANCE] FPS atual: 1.0
2025-11-03 10:56:00 - vision.vision.camera_manager - DEBUG - performance:120 - [PERFORMANCE] FPS atual: 1.0
2025-11-03 10:56:01 - vision.vision.camera_manager - DEBUG - performance:120 - [PERFORMANCE] FPS atual: 1.0
2025-11-03 10:56:02 - vision.vision.camera_manager - DEBUG - performance:120 - [PERFORMANCE] FPS atual: 1.0
2025-11-03 10:56:03 - vision.vision.camera_manager - DEBUG - performance:120 - [PERFORMANCE] FPS atual: 1.0
2025-11-03 10:56:04 - vision.vision.camera_manager - DEBUG - performance:120 - [PERFORMANCE] FPS atual: 1.0
2025-11-03 10:56:05 - vision.vision.camera_manager - DEBUG - performance:120 - [PERFORMANCE] FPS atual: 1.0
2025-11-03 10:56:06 - vision.vision.camera_manager - DEBUG - performance:120 - [PERFORMANCE] FPS atual: 1.0
2025-11-03 10:56:07 - vision.vision.camera_manager - DEBUG - performance:120 - [PERFORMANCE] FPS atual: 1.0
2025-11-03 10:56:08 - vision.vision.camera_manager - DEBUG - performance:120 - [PERFORMANCE] FPS atual: 1.0
2025-11-03 10:56:09 - vision.vision.camera_manager - DEBUG - performance:120 - [PERFORMANCE] FPS atual: 1.0
2025-11-03 10:56:10 - vision.vision.camera_manager - DEBUG - performance:120 - [PERFORMANCE] FPS atual: 1.0
2025-11-03 10:56:11 - vision.vision.camera_manager - DEBUG - performance:120 - [PERFORMANCE] FPS atual: 1.0
2025-11-03 10:56:12 - vision.vision.camera_manager - DEBUG - performance:120 - [PERFORMANCE] FPS atual: 1.0
2025-11-03 10:56:13 - vision.vision.camera_manager - DEBUG - performance:120 - [PERFORMANCE] FPS atual: 1.0
2025-11-03 10:56:14 - vision.vision.camera_manager - DEBUG - performance:120 - [PERFORMANCE] FPS atual: 1.0
2025-11-03 10:56:15 - vision.vision.camera_manager - DEBUG - performance:120 - [PERFORMANCE] FPS atual: 1.0
2025-11-03 10:56:16 - vision.vision.camera_manager - DEBUG - performance:120 - [PERFORMANCE] FPS atual: 1.0
2025-11-03 10:56:17 - vision.vision.camera_manager - DEBUG - performance:120 - [PERFORMANCE] FPS atual: 1.0
2025-11-03 10:56:18 - vision.vision.camera_manager - DEBUG - performance:120 - [PERFORMANCE] FPS atual: 1.0
2025-11-03 10:56:19 - vision.vision.camera_manager - DEBUG - performance:120 - [PERFORMANCE] FPS atual: 1.0
2025-11-03 10:56:20 - vision.vision.camera_manager - DEBUG - performance:120 - [PERFORMANCE] FPS atual: 1.0
2025-11-03 10:56:21 - vision.vision.camera_manager - DEBUG - performance:120 - [PERFORMANCE] FPS atual: 1.0
2025-11-03 10:56:22 - vision.vision.camera_manager - DEBUG - performance:120 - [PERFORMANCE] FPS atual: 1.0
2025-11-03 10:56:23 - vision.vision.camera_manager - DEBUG - performance:120 - [PERFORMANCE] FPS atual: 1.0
2025-11-03 10:56:24 - vision.vision.camera_manager - DEBUG - performance:120 - [PERFORMANCE] FPS atual: 1.0
2025-11-03 10:56:25 - vision.vision.camera_manager - DEBUG - performance:120 - [PERFORMANCE] FPS atual: 1.0
2025-11-03 10:56:26 - vision.vision.camera_manager - DEBUG - performance:120 - [PERFORMANCE] FPS atual: 1.0
2025-11-03 10:56:27 - vision.vision.camera_manager - DEBUG - performance:120 - [PERFORMANCE] FPS atual: 1.0
2025-11-03 10:56:28 - vision.vision.camera_manager - DEBUG - performance:120 - [PERFORMANCE] FPS atual: 1.0
2025-11-03 10:56:29 - vision.vision.camera_manager - DEBUG - performance:120 - [PERFORMANCE] FPS atual: 1.0
2025-11-03 10:56:30 - vision.vision.camera_manager - DEBUG - performance:120 - [PERFORMANCE] FPS atual: 1.0
2025-11-03 10:56:31 - vision.vision.camera_manager - DEBUG - performance:120 - [PERFORMANCE] FPS atual: 1.0
2025-11-03 10:56:32 - vision.vision.camera_manager - DEBUG - performance:120 - [PERFORMANCE] FPS atual: 1.0
2025-11-03 10:56:33 - vision.vision.camera_manager - DEBUG - performance:120 - [PERFORMANCE] FPS atual: 1.0
2025-11-03 10:56:34 - vision.vision.camera_manager - DEBUG - performance:120 - [PERFORMANCE] FPS atual: 1.0
2025-11-03 10:56:35 - vision.vision.camera_manager - DEBUG - performance:120 - [PERFORMANCE] FPS atual: 1.0
2025-11-03 10:56:36 - vision.vision.camera_manager - DEBUG - performance:120 - [PERFORMANCE] FPS atual: 1.0
2025-11-03 10:56:37 - vision.vision.camera_manager - DEBUG - performance:120 - [PERFORMANCE] FPS atual: 1.0
2025-11-03 10:56:38 - vision.vision.camera_manager - DEBUG - performance:120 - [PERFORMANCE] FPS atual: 1.0
2025-11-03 10:56:39 - vision.vision.camera_manager - DEBUG - performance:120 - [PERFORMANCE] FPS atual: 1.0
2025-11-03 10:56:40 - vision.vision.camera_manager - DEBUG - performance:120 - [PERFORMANCE] FPS atual: 1.0
2025-11-03 10:56:41 - vision.vision.camera_manager - DEBUG - performance:120 - [PERFORMANCE] FPS atual: 1.0
2025-11-03 10:56:42 - vision.vision.camera_manager - DEBUG - performance:120 - [PERFORMANCE] FPS atual: 1.0
2025-11-03 10:56:43 - vision.vision.camera_manager - DEBUG - performance:120 - [PERFORMANCE] FPS atual: 1.0
2025-11-03 10:56:44 - vision.vision.camera_manager - DEBUG - performance:120 - [PERFORMANCE] FPS atual: 1.0
2025-11-03 10:56:45 - vision.vision.camera_manager - DEBUG - performance:120 - [PERFORMANCE] FPS atual: 1.0
2025-11-03 10:56:46 - vision.vision.camera_manager - DEBUG - performance:120 - [PERFORMANCE] FPS atual: 1.0
2025-11-03 10:56:47 - vision.vision.camera_manager - DEBUG - performance:120 - [PERFORMANCE] FPS atual: 1.0
2025-11-03 10:56:48 - vision.vision.camera_manager - DEBUG - performance:120 - [PERFORMANCE] FPS atual: 1.0
2025-11-03 10:56:49 - vision.vision.camera_manager - DEBUG - performance:120 - [PERFORMANCE] FPS atual: 1.0
2025-11-03 10:56:50 - vision.vision.camera_manager - DEBUG - performance:120 - [PERFORMANCE] FPS atual: 1.0
2025-11-03 10:56:51 - vision.vision.camera_manager - DEBUG - performance:120 - [PERFORMANCE] FPS atual: 1.0
2025-11-03 10:56:52 - vision.vision.camera_manager - DEBUG - performance:120 - [PERFORMANCE] FPS atual: 1.0
2025-11-03 10:56:53 - vision.vision.camera_manager - DEBUG - performance:120 - [PERFORMANCE] FPS atual: 1.0
2025-11-03 10:56:54 - vision.vision.camera_manager - DEBUG - performance:120 - [PERFORMANCE] FPS atual: 1.0
2025-11-03 10:56:55 - vision.vision.camera_manager - DEBUG - performance:120 - [PERFORMANCE] FPS atual: 1.0
2025-11-03 10:56:56 - vision.vision.camera_manager - DEBUG - performance:120 - [PERFORMANCE] FPS atual: 1.0
2025-11-03 10:56:57 - vision.vision.camera_manager - DEBUG - performance:120 - [PERFORMANCE] FPS atual: 1.0
2025-11-03 10:56:58 - vision.vision.camera_manager - DEBUG - performance:120 - [PERFORMANCE] FPS atual: 1.0
2025-11-03 10:56:59 - vision.vision.camera_manager - DEBUG - performance:120 - [PERFORMANCE] FPS atual: 1.0
2025-11-03 10:57:00 - vision.vision.camera_manager - DEBUG - performance:120 - [PERFORMANCE] FPS atual: 1.0
2025-11-03 10:57:01 - vision.vision.camera_manager - DEBUG - performance:120 - [PERFORMANCE] FPS atual: 1.0
2025-11-03 10:57:02 - vision.vision.camera_manager - DEBUG - performance:120 - [PERFORMANCE] FPS atual: 1.0
2025-11-03 10:57:03 - vision.vision.camera_manager - DEBUG - performance:120 - [PERFORMANCE] FPS atual: 1.0
2025-11-03 10:57:04 - vision.vision.camera_manager - DEBUG - performance:120 - [PERFORMANCE] FPS atual: 1.0
2025-11-03 10:57:05 - vision.vision.camera_manager - DEBUG - performance:120 - [PERFORMANCE] FPS atual: 1.0
2025-11-03 10:57:06 - vision.vision.camera_manager - DEBUG - performance:120 - [PERFORMANCE] FPS atual: 1.0
2025-11-03 10:57:07 - vision.vision.camera_manager - DEBUG - performance:120 - [PERFORMANCE] FPS atual: 1.0
2025-11-03 10:57:08 - vision.vision.camera_manager - DEBUG - performance:120 - [PERFORMANCE] FPS atual: 1.0
2025-11-03 10:57:09 - vision.vision.camera_manager - DEBUG - performance:120 - [PERFORMANCE] FPS atual: 1.0
2025-11-03 10:57:10 - vision.vision.camera_manager - DEBUG - performance:120 - [PERFORMANCE] FPS atual: 1.0
2025-11-03 10:57:11 - vision.vision.camera_manager - DEBUG - performance:120 - [PERFORMANCE] FPS atual: 1.0
2025-11-03 10:57:12 - vision.vision.camera_manager - DEBUG - performance:120 - [PERFORMANCE] FPS atual: 1.0
2025-11-03 10:57:13 - vision.vision.camera_manager - DEBUG - performance:120 - [PERFORMANCE] FPS atual: 1.0
2025-11-03 10:57:14 - vision.vision.camera_manager - DEBUG - performance:120 - [PERFORMANCE] FPS atual: 1.0
2025-11-03 10:57:15 - vision.vision.camera_manager - DEBUG - performance:120 - [PERFORMANCE] FPS atual: 1.0
2025-11-03 10:57:16 - vision.vision.camera_manager - DEBUG - performance:120 - [PERFORMANCE] FPS atual: 1.0
2025-11-03 10:57:17 - vision.vision.camera_manager - DEBUG - performance:120 - [PERFORMANCE] FPS atual: 1.0
2025-11-03 10:57:18 - vision.vision.camera_manager - DEBUG - performance:120 - [PERFORMANCE] FPS atual: 1.0
2025-11-03 10:57:19 - vision.vision.camera_manager - DEBUG - performance:120 - [PERFORMANCE] FPS atual: 1.0
2025-11-03 10:57:20 - vision.vision.camera_manager - DEBUG - performance:120 - [PERFORMANCE] FPS atual: 1.0
2025-11-03 10:57:21 - vision.vision.camera_manager - DEBUG - performance:120 - [PERFORMANCE] FPS atual: 1.0
2025-11-03 10:57:22 - vision.vision.camera_manager - DEBUG - performance:120 - [PERFORMANCE] FPS atual: 1.0
2025-11-03 10:57:23 - vision.vision.camera_manager - DEBUG - performance:120 - [PERFORMANCE] FPS atual: 1.0
2025-11-03 10:57:24 - vision.vision.camera_manager - DEBUG - performance:120 - [PERFORMANCE] FPS atual: 1.0
2025-11-03 10:57:25 - vision.vision.camera_manager - DEBUG - performance:120 - [PERFORMANCE] FPS atual: 1.0
2025-11-03 10:57:26 - vision.vision.camera_manager - DEBUG - performance:120 - [PERFORMANCE] FPS atual: 1.0
2025-11-03 10:57:27 - vision.vision.camera_manager - DEBUG - performance:120 - [PERFORMANCE] FPS atual: 1.0
2025-11-03 10:57:28 - vision.vision.camera_manager - DEBUG - performance:120 - [PERFORMANCE] FPS atual: 1.0
2025-11-03 10:57:29 - vision.vision.camera_manager - DEBUG - performance:120 - [PERFORMANCE] FPS atual: 1.0
2025-11-03 10:57:30 - vision.vision.camera_manager - DEBUG - performance:120 - [PERFORMANCE] FPS atual: 1.0
2025-11-03 10:57:31 - vision.vision.camera_manager - DEBUG - performance:120 - [PERFORMANCE] FPS atual: 1.0
2025-11-03 10:57:32 - vision.vision.camera_manager - DEBUG - performance:120 - [PERFORMANCE] FPS atual: 1.0
2025-11-03 10:57:33 - vision.vision.camera_manager - DEBUG - performance:120 - [PERFORMANCE] FPS atual: 1.0
2025-11-03 10:57:34 - vision.vision.camera_manager - DEBUG - performance:120 - [PERFORMANCE] FPS atual: 1.0
2025-11-03 10:57:35 - vision.vision.camera_manager - DEBUG - performance:120 - [PERFORMANCE] FPS atual: 1.0
2025-11-03 10:57:36 - vision.vision.camera_manager - DEBUG - performance:120 - [PERFORMANCE] FPS atual: 1.0
2025-11-03 10:57:38 - vision.vision.camera_manager - DEBUG - performance:120 - [PERFORMANCE] FPS atual: 1.0
2025-11-03 10:57:39 - vision.vision.camera_manager - DEBUG - performance:120 - [PERFORMANCE] FPS atual: 1.0
2025-11-03 10:57:40 - vision.vision.camera_manager - DEBUG - performance:120 - [PERFORMANCE] FPS atual: 1.0
2025-11-03 10:57:41 - vision.vision.camera_manager - DEBUG - performance:120 - [PERFORMANCE] FPS atual: 1.0
2025-11-03 10:57:42 - vision.vision.camera_manager - DEBUG - performance:120 - [PERFORMANCE] FPS atual: 1.0
2025-11-03 10:57:43 - vision.vision.camera_manager - DEBUG - performance:120 - [PERFORMANCE] FPS atual: 1.0
2025-11-03 10:57:44 - vision.vision.camera_manager - DEBUG - performance:120 - [PERFORMANCE] FPS atual: 1.0
2025-11-03 10:57:45 - vision.vision.camera_manager - DEBUG - performance:120 - [PERFORMANCE] FPS atual: 1.0
2025-11-03 10:57:46 - vision.vision.camera_manager - DEBUG - performance:120 - [PERFORMANCE] FPS atual: 1.0
2025-11-03 10:57:47 - vision.vision.camera_manager - INFO - info:100 - [INFO] Câmera 1 liberada
2025-11-03 10:58:17 - vision.vision.vision_logger - INFO - _setup_logger:92 - VisionLogger inicializado para 'vision.vision_logger'
2025-11-03 10:58:26 - vision.vision.aruco_vision - INFO - _setup_logger:92 - VisionLogger inicializado para 'vision.aruco_vision'
2025-11-03 10:58:26 - vision.vision.camera_manager - INFO - _setup_logger:92 - VisionLogger inicializado para 'vision.camera_manager'
2025-11-03 10:58:26 - vision.vision.camera_manager - INFO - info:100 - [INFO] CameraManager inicializado com configurações do projeto
2025-11-03 10:58:26 - vision.vision.visual_monitor - INFO - _setup_logger:92 - VisionLogger inicializado para 'vision.visual_monitor'
2025-11-03 10:58:26 - vision.vision.visual_monitor - INFO - info:100 - [INFO] VisualMonitor inicializado
2025-11-03 10:58:26 - vision.vision.camera_manager - INFO - info:100 - [INFO] Tentando inicializar câmera 1
2025-11-03 10:58:27 - vision.vision.camera_manager - DEBUG - debug:96 - [DEBUG] Câmera configurada: 640x480
2025-11-03 10:58:28 - vision.vision.camera_manager - INFO - info:100 - [INFO] Câmera 1 inicializada: 640x480@30fps (DirectShow)
2025-11-03 10:58:28 - vision.vision.camera_manager - DEBUG - performance:120 - [PERFORMANCE] FPS atual: 33.7
2025-11-03 10:58:29 - vision.vision.camera_manager - DEBUG - performance:120 - [PERFORMANCE] FPS atual: 1.9
2025-11-03 10:58:30 - vision.vision.camera_manager - DEBUG - performance:120 - [PERFORMANCE] FPS atual: 1.5
2025-11-03 10:58:31 - vision.vision.camera_manager - DEBUG - performance:120 - [PERFORMANCE] FPS atual: 1.3
2025-11-03 10:58:32 - vision.vision.camera_manager - DEBUG - performance:120 - [PERFORMANCE] FPS atual: 1.2
2025-11-03 10:58:33 - vision.vision.camera_manager - DEBUG - performance:120 - [PERFORMANCE] FPS atual: 1.2
2025-11-03 10:58:34 - vision.vision.camera_manager - DEBUG - performance:120 - [PERFORMANCE] FPS atual: 1.2
2025-11-03 10:58:35 - vision.vision.camera_manager - DEBUG - performance:120 - [PERFORMANCE] FPS atual: 1.1
2025-11-03 10:58:36 - vision.vision.camera_manager - DEBUG - performance:120 - [PERFORMANCE] FPS atual: 1.1
2025-11-03 10:58:37 - vision.vision.camera_manager - DEBUG - performance:120 - [PERFORMANCE] FPS atual: 1.1
2025-11-03 10:58:38 - vision.vision.camera_manager - DEBUG - performance:120 - [PERFORMANCE] FPS atual: 1.1
2025-11-03 10:58:39 - vision.vision.camera_manager - DEBUG - performance:120 - [PERFORMANCE] FPS atual: 1.1
2025-11-03 10:58:40 - vision.vision.camera_manager - DEBUG - performance:120 - [PERFORMANCE] FPS atual: 1.1
2025-11-03 10:58:41 - vision.vision.camera_manager - DEBUG - performance:120 - [PERFORMANCE] FPS atual: 1.1
2025-11-03 10:58:42 - vision.vision.camera_manager - DEBUG - performance:120 - [PERFORMANCE] FPS atual: 1.1
2025-11-03 10:58:43 - vision.vision.camera_manager - DEBUG - performance:120 - [PERFORMANCE] FPS atual: 1.1
2025-11-03 10:58:44 - vision.vision.camera_manager - DEBUG - performance:120 - [PERFORMANCE] FPS atual: 1.1
2025-11-03 10:58:45 - vision.vision.camera_manager - DEBUG - performance:120 - [PERFORMANCE] FPS atual: 1.1
2025-11-03 10:58:46 - vision.vision.camera_manager - DEBUG - performance:120 - [PERFORMANCE] FPS atual: 1.0
2025-11-03 10:58:47 - vision.vision.camera_manager - DEBUG - performance:120 - [PERFORMANCE] FPS atual: 1.0
2025-11-03 10:58:48 - vision.vision.camera_manager - DEBUG - performance:120 - [PERFORMANCE] FPS atual: 1.0
2025-11-03 10:58:49 - vision.vision.camera_manager - DEBUG - performance:120 - [PERFORMANCE] FPS atual: 1.0
2025-11-03 10:58:50 - vision.vision.camera_manager - DEBUG - performance:120 - [PERFORMANCE] FPS atual: 1.0
2025-11-03 10:58:51 - vision.vision.camera_manager - DEBUG - performance:120 - [PERFORMANCE] FPS atual: 1.0
2025-11-03 10:58:52 - vision.vision.camera_manager - DEBUG - performance:120 - [PERFORMANCE] FPS atual: 1.0
2025-11-03 10:58:53 - vision.vision.camera_manager - DEBUG - performance:120 - [PERFORMANCE] FPS atual: 1.0
2025-11-03 10:58:54 - vision.vision.camera_manager - DEBUG - performance:120 - [PERFORMANCE] FPS atual: 1.0
2025-11-03 10:58:55 - vision.vision.camera_manager - DEBUG - performance:120 - [PERFORMANCE] FPS atual: 1.0
2025-11-03 10:58:56 - vision.vision.camera_manager - DEBUG - performance:120 - [PERFORMANCE] FPS atual: 1.0
2025-11-03 10:58:58 - vision.vision.camera_manager - INFO - info:100 - [INFO] Câmera 1 liberada
2025-11-03 11:05:50 - vision.vision.vision_logger - INFO - _setup_logger:92 - VisionLogger inicializado para 'vision.vision_logger'
2025-11-03 11:06:52 - vision.vision.vision_logger - INFO - _setup_logger:92 - VisionLogger inicializado para 'vision.vision_logger'
2025-11-03 11:06:52 - vision.vision.aruco_vision - INFO - _setup_logger:92 - VisionLogger inicializado para 'vision.aruco_vision'
2025-11-03 11:23:22 - vision.vision.vision_logger - INFO - _setup_logger:92 - VisionLogger inicializado para 'vision.vision_logger'
2025-11-03 11:25:18 - vision.vision.aruco_vision - INFO - _setup_logger:92 - VisionLogger inicializado para 'vision.aruco_vision'
2025-11-03 11:25:18 - vision.vision.camera_manager - INFO - _setup_logger:92 - VisionLogger inicializado para 'vision.camera_manager'
2025-11-03 11:25:18 - vision.vision.camera_manager - INFO - info:100 - [INFO] CameraManager inicializado com configurações do projeto
2025-11-03 11:25:18 - vision.vision.visual_monitor - INFO - _setup_logger:92 - VisionLogger inicializado para 'vision.visual_monitor'
2025-11-03 11:25:18 - vision.vision.visual_monitor - INFO - info:100 - [INFO] VisualMonitor inicializado
2025-11-03 11:25:18 - vision.vision.camera_manager - INFO - info:100 - [INFO] Tentando inicializar câmera 1
2025-11-03 11:25:20 - vision.vision.camera_manager - DEBUG - debug:96 - [DEBUG] Câmera configurada: 640x480
2025-11-03 11:25:21 - vision.vision.camera_manager - INFO - info:100 - [INFO] Câmera 1 inicializada: 640x480@30fps (DirectShow)
2025-11-03 11:25:21 - vision.vision.camera_manager - DEBUG - performance:120 - [PERFORMANCE] FPS atual: 31.6
2025-11-03 11:25:21 - vision.vision.visual_monitor - DEBUG - debug:96 - [DEBUG] Erro ao desenhar texto: too many values to unpack (expected 2)
2025-11-03 11:25:23 - vision.vision.visual_monitor - DEBUG - debug:96 - [DEBUG] Erro ao desenhar texto: OpenCV(4.12.0) :-1: error: (-5:Bad argument) in function 'rectangle'
> Overload resolution failed:
>  - Can't parse 'pt1'. Sequence item with index 0 has a wrong type
>  - Can't parse 'rec'. Expected sequence length 4, got 2
>  - Can't parse 'pt1'. Sequence item with index 0 has a wrong type
>  - Can't parse 'rec'. Expected sequence length 4, got 2

2025-11-03 11:25:23 - vision.vision.visual_monitor - DEBUG - debug:96 - [DEBUG] Erro ao desenhar texto: too many values to unpack (expected 2)
2025-11-03 11:25:23 - vision.vision.visual_monitor - DEBUG - debug:96 - [DEBUG] Erro ao desenhar texto: OpenCV(4.12.0) :-1: error: (-5:Bad argument) in function 'rectangle'
> Overload resolution failed:
>  - Can't parse 'pt1'. Sequence item with index 0 has a wrong type
>  - Can't parse 'rec'. Expected sequence length 4, got 2
>  - Can't parse 'pt1'. Sequence item with index 0 has a wrong type
>  - Can't parse 'rec'. Expected sequence length 4, got 2

2025-11-03 11:25:23 - vision.vision.visual_monitor - DEBUG - debug:96 - [DEBUG] Erro ao desenhar texto: too many values to unpack (expected 2)
2025-11-03 11:25:23 - vision.vision.visual_monitor - DEBUG - debug:96 - [DEBUG] Erro ao desenhar texto: OpenCV(4.12.0) :-1: error: (-5:Bad argument) in function 'rectangle'
> Overload resolution failed:
>  - Can't parse 'pt1'. Sequence item with index 0 has a wrong type
>  - Can't parse 'rec'. Expected sequence length 4, got 2
>  - Can't parse 'pt1'. Sequence item with index 0 has a wrong type
>  - Can't parse 'rec'. Expected sequence length 4, got 2

2025-11-03 11:25:23 - vision.vision.visual_monitor - DEBUG - debug:96 - [DEBUG] Erro ao desenhar info de calibração: 'ArUcoVisionSystem' object has no attribute 'calibration_transform'
2025-11-03 11:25:23 - vision.vision.visual_monitor - DEBUG - debug:96 - [DEBUG] Erro ao desenhar coordenadas: 'MarkerInfo' object has no attribute 'player_group'
2025-11-03 11:25:24 - vision.vision.camera_manager - INFO - info:100 - [INFO] Câmera 1 liberada
2025-11-03 11:30:59 - vision.vision.vision_logger - INFO - _setup_logger:92 - VisionLogger inicializado para 'vision.vision_logger'
2025-11-03 11:30:59 - vision.vision.aruco_vision - INFO - _setup_logger:92 - VisionLogger inicializado para 'vision.aruco_vision'
2025-11-03 11:30:59 - vision.vision.visual_monitor - INFO - _setup_logger:92 - VisionLogger inicializado para 'vision.visual_monitor'
2025-11-03 11:30:59 - vision.vision.visual_monitor - INFO - info:100 - [INFO] VisualMonitor inicializado
2025-11-03 11:30:59 - vision.vision.visual_monitor - INFO - info:100 - [INFO] VisualMonitor inicializado
2025-11-03 11:31:59 - vision.vision.vision_logger - INFO - _setup_logger:92 - VisionLogger inicializado para 'vision.vision_logger'
2025-11-03 11:32:10 - vision.vision.aruco_vision - INFO - _setup_logger:92 - VisionLogger inicializado para 'vision.aruco_vision'
2025-11-03 11:32:10 - vision.vision.camera_manager - INFO - _setup_logger:92 - VisionLogger inicializado para 'vision.camera_manager'
2025-11-03 11:32:10 - vision.vision.camera_manager - INFO - info:100 - [INFO] CameraManager inicializado com configurações do projeto
2025-11-03 11:32:10 - vision.vision.visual_monitor - INFO - _setup_logger:92 - VisionLogger inicializado para 'vision.visual_monitor'
2025-11-03 11:32:10 - vision.vision.visual_monitor - INFO - info:100 - [INFO] VisualMonitor inicializado
2025-11-03 11:32:10 - vision.vision.camera_manager - INFO - info:100 - [INFO] Tentando inicializar câmera 1
2025-11-03 11:32:12 - vision.vision.camera_manager - DEBUG - debug:96 - [DEBUG] Câmera configurada: 640x480
2025-11-03 11:32:13 - vision.vision.camera_manager - INFO - info:100 - [INFO] Câmera 1 inicializada: 640x480@30fps (DirectShow)
2025-11-03 11:32:13 - vision.vision.camera_manager - DEBUG - performance:120 - [PERFORMANCE] FPS atual: 31.4
2025-11-03 11:32:13 - vision.vision.visual_monitor - DEBUG - debug:96 - [DEBUG] Erro ao desenhar texto: only length-1 arrays can be converted to Python scalars
2025-11-03 11:32:13 - vision.vision.visual_monitor - DEBUG - debug:96 - [DEBUG] Erro ao desenhar texto: only length-1 arrays can be converted to Python scalars
2025-11-03 11:32:13 - vision.vision.visual_monitor - DEBUG - debug:96 - [DEBUG] Erro ao desenhar texto: only length-1 arrays can be converted to Python scalars
2025-11-03 11:32:13 - vision.vision.visual_monitor - DEBUG - debug:96 - [DEBUG] Erro ao desenhar texto: only length-1 arrays can be converted to Python scalars
2025-11-03 11:32:13 - vision.vision.visual_monitor - DEBUG - debug:96 - [DEBUG] Erro ao desenhar texto: only length-1 arrays can be converted to Python scalars
2025-11-03 11:32:13 - vision.vision.visual_monitor - DEBUG - debug:96 - [DEBUG] Erro ao desenhar texto: only length-1 arrays can be converted to Python scalars
2025-11-03 11:32:13 - vision.vision.camera_manager - INFO - info:100 - [INFO] Câmera 1 liberada
2025-11-03 11:34:44 - vision.vision.vision_logger - INFO - _setup_logger:92 - VisionLogger inicializado para 'vision.vision_logger'
2025-11-03 11:34:47 - vision.vision.aruco_vision - INFO - _setup_logger:92 - VisionLogger inicializado para 'vision.aruco_vision'
2025-11-03 11:34:47 - vision.vision.camera_manager - INFO - _setup_logger:92 - VisionLogger inicializado para 'vision.camera_manager'
2025-11-03 11:34:47 - vision.vision.camera_manager - INFO - info:100 - [INFO] CameraManager inicializado com configurações do projeto
2025-11-03 11:34:47 - vision.vision.visual_monitor - INFO - _setup_logger:92 - VisionLogger inicializado para 'vision.visual_monitor'
2025-11-03 11:34:47 - vision.vision.visual_monitor - INFO - info:100 - [INFO] VisualMonitor inicializado
2025-11-03 11:34:47 - vision.vision.camera_manager - INFO - info:100 - [INFO] Tentando inicializar câmera 1
2025-11-03 11:34:49 - vision.vision.camera_manager - DEBUG - debug:96 - [DEBUG] Câmera configurada: 640x480
2025-11-03 11:34:50 - vision.vision.camera_manager - INFO - info:100 - [INFO] Câmera 1 inicializada: 640x480@30fps (DirectShow)
2025-11-03 11:34:50 - vision.vision.camera_manager - DEBUG - performance:120 - [PERFORMANCE] FPS atual: 31.2
2025-11-03 11:34:50 - vision.vision.visual_monitor - DEBUG - debug:96 - [DEBUG] Erro ao desenhar texto: only length-1 arrays can be converted to Python scalars
2025-11-03 11:34:50 - vision.vision.visual_monitor - DEBUG - debug:96 - [DEBUG] Erro ao desenhar texto: only length-1 arrays can be converted to Python scalars
2025-11-03 11:34:50 - vision.vision.visual_monitor - DEBUG - debug:96 - [DEBUG] Erro ao desenhar texto: only length-1 arrays can be converted to Python scalars
2025-11-03 11:34:50 - vision.vision.visual_monitor - DEBUG - debug:96 - [DEBUG] Erro ao desenhar texto: only length-1 arrays can be converted to Python scalars
2025-11-03 11:34:51 - vision.vision.camera_manager - INFO - info:100 - [INFO] Câmera 1 liberada
2025-11-03 11:41:48 - vision.vision.vision_logger - INFO - _setup_logger:92 - VisionLogger inicializado para 'vision.vision_logger'
2025-11-03 11:41:54 - vision.vision.aruco_vision - INFO - _setup_logger:92 - VisionLogger inicializado para 'vision.aruco_vision'
2025-11-03 11:41:54 - vision.vision.camera_manager - INFO - _setup_logger:92 - VisionLogger inicializado para 'vision.camera_manager'
2025-11-03 11:41:54 - vision.vision.camera_manager - INFO - info:100 - [INFO] CameraManager inicializado com configurações do projeto
2025-11-03 11:41:54 - vision.vision.visual_monitor - INFO - _setup_logger:92 - VisionLogger inicializado para 'vision.visual_monitor'
2025-11-03 11:41:54 - vision.vision.visual_monitor - INFO - info:100 - [INFO] VisualMonitor inicializado
2025-11-03 11:41:54 - vision.vision.camera_manager - INFO - info:100 - [INFO] Tentando inicializar câmera 1
2025-11-03 11:41:56 - vision.vision.camera_manager - DEBUG - debug:96 - [DEBUG] Câmera configurada: 640x480
2025-11-03 11:41:57 - vision.vision.camera_manager - INFO - info:100 - [INFO] Câmera 1 inicializada: 640x480@30fps (DirectShow)
2025-11-03 11:41:57 - vision.vision.camera_manager - DEBUG - performance:120 - [PERFORMANCE] FPS atual: 33.1
2025-11-03 11:41:57 - vision.vision.visual_monitor - DEBUG - debug:96 - [DEBUG] Erro ao desenhar texto: only length-1 arrays can be converted to Python scalars
2025-11-03 11:41:57 - vision.vision.visual_monitor - DEBUG - debug:96 - [DEBUG] Erro ao desenhar texto: only length-1 arrays can be converted to Python scalars
2025-11-03 11:41:57 - vision.vision.visual_monitor - DEBUG - debug:96 - [DEBUG] Erro ao desenhar texto: only length-1 arrays can be converted to Python scalars
2025-11-03 11:41:57 - vision.vision.visual_monitor - DEBUG - debug:96 - [DEBUG] Erro ao desenhar texto: only length-1 arrays can be converted to Python scalars
2025-11-03 11:41:57 - vision.vision.visual_monitor - DEBUG - debug:96 - [DEBUG] Erro ao desenhar texto: only length-1 arrays can be converted to Python scalars
2025-11-03 11:41:57 - vision.vision.visual_monitor - DEBUG - debug:96 - [DEBUG] Erro ao desenhar texto: only length-1 arrays can be converted to Python scalars
2025-11-03 11:41:57 - vision.vision.camera_manager - INFO - info:100 - [INFO] Câmera 1 liberada
2025-11-03 11:44:19 - vision.vision.vision_logger - INFO - _setup_logger:92 - VisionLogger inicializado para 'vision.vision_logger'
2025-11-03 11:44:23 - vision.vision.aruco_vision - INFO - _setup_logger:92 - VisionLogger inicializado para 'vision.aruco_vision'
2025-11-03 11:44:23 - vision.vision.camera_manager - INFO - _setup_logger:92 - VisionLogger inicializado para 'vision.camera_manager'
2025-11-03 11:44:23 - vision.vision.camera_manager - INFO - info:100 - [INFO] CameraManager inicializado com configurações do projeto
2025-11-03 11:44:23 - vision.vision.visual_monitor - INFO - _setup_logger:92 - VisionLogger inicializado para 'vision.visual_monitor'
2025-11-03 11:44:23 - vision.vision.visual_monitor - INFO - info:100 - [INFO] VisualMonitor inicializado
2025-11-03 11:44:23 - vision.vision.camera_manager - INFO - info:100 - [INFO] Tentando inicializar câmera 1
2025-11-03 11:44:25 - vision.vision.camera_manager - DEBUG - debug:96 - [DEBUG] Câmera configurada: 640x480
2025-11-03 11:44:26 - vision.vision.camera_manager - INFO - info:100 - [INFO] Câmera 1 inicializada: 640x480@30fps (DirectShow)
2025-11-03 11:44:26 - vision.vision.camera_manager - DEBUG - performance:120 - [PERFORMANCE] FPS atual: 31.2
2025-11-03 11:44:26 - vision.vision.visual_monitor - DEBUG - debug:96 - [DEBUG] Erro ao desenhar texto 'ID:0' na posição (array([368, 461]), array([342, 458]), array([345, 434]), array([372, 438])): only length-1 arrays can be converted to Python scalars
2025-11-03 11:44:26 - vision.vision.visual_monitor - DEBUG - debug:96 - [DEBUG] Erro ao desenhar texto 'ID:5' na posição (array([345, 126]), array([350, 102]), array([376, 107]), array([371, 132])): only length-1 arrays can be converted to Python scalars
2025-11-03 11:44:26 - vision.vision.visual_monitor - DEBUG - debug:96 - [DEBUG] Erro ao desenhar texto 'ID:7' na posição (array([201, 128]), array([205, 103]), array([230, 107]), array([226, 132])): only length-1 arrays can be converted to Python scalars
2025-11-03 11:44:26 - vision.vision.camera_manager - INFO - info:100 - [INFO] Câmera 1 liberada
2025-11-03 11:59:07 - vision.vision.vision_logger - INFO - _setup_logger:92 - VisionLogger inicializado para 'vision.vision_logger'
